=== CLOUDINARY CONFIGURATION DEBUG ===
Cloud name: djyfwvumd
API key: Set (length: 15)
API secret: Set (length: 27)
=== END CLOUDINARY DEBUG ===
Connected to MongoDB
Server running on port 5005
Get package error: CastError: Cast to ObjectId failed for value "categories" (type string) at path "_id" for model "Package"
    at ObjectId.cast (/Users/sandunudayakantha/Documents/GitHub/Travel-Agency-App/backend/node_modules/mongoose/lib/schema/objectid.js:250:11)
    at SchemaType.applySetters (/Users/sandunudayakantha/Documents/GitHub/Travel-Agency-App/backend/node_modules/mongoose/lib/schematype.js:1219:12)
    at SchemaType.castForQuery (/Users/sandunudayakantha/Documents/GitHub/Travel-Agency-App/backend/node_modules/mongoose/lib/schematype.js:1633:15)
    at cast (/Users/sandunudayakantha/Documents/GitHub/Travel-Agency-App/backend/node_modules/mongoose/lib/cast.js:389:32)
    at Query.cast (/Users/sandunudayakantha/Documents/GitHub/Travel-Agency-App/backend/node_modules/mongoose/lib/query.js:4927:12)
    at Query._castConditions (/Users/sandunudayakantha/Documents/GitHub/Travel-Agency-App/backend/node_modules/mongoose/lib/query.js:2237:10)
    at model.Query._findOne (/Users/sandunudayakantha/Documents/GitHub/Travel-Agency-App/backend/node_modules/mongoose/lib/query.js:2533:8)
    at model.Query.exec (/Users/sandunudayakantha/Documents/GitHub/Travel-Agency-App/backend/node_modules/mongoose/lib/query.js:4447:28)
    at process.processTicksAndRejections (node:internal/process/task_queues:105:5)
    at async /Users/sandunudayakantha/Documents/GitHub/Travel-Agency-App/backend/routes/packages.js:146:21 {
  stringValue: '"categories"',
  messageFormat: undefined,
  kind: 'ObjectId',
  value: 'categories',
  path: '_id',
  reason: BSONError: Argument passed in must be a string of 12 bytes or a string of 24 hex characters or an integer
      at new ObjectId (/Users/sandunudayakantha/Documents/GitHub/Travel-Agency-App/backend/node_modules/bson/lib/bson.cjs:2055:23)
      at castObjectId (/Users/sandunudayakantha/Documents/GitHub/Travel-Agency-App/backend/node_modules/mongoose/lib/cast/objectid.js:25:12)
      at ObjectId.cast (/Users/sandunudayakantha/Documents/GitHub/Travel-Agency-App/backend/node_modules/mongoose/lib/schema/objectid.js:248:12)
      at SchemaType.applySetters (/Users/sandunudayakantha/Documents/GitHub/Travel-Agency-App/backend/node_modules/mongoose/lib/schematype.js:1219:12)
      at SchemaType.castForQuery (/Users/sandunudayakantha/Documents/GitHub/Travel-Agency-App/backend/node_modules/mongoose/lib/schematype.js:1633:15)
      at cast (/Users/sandunudayakantha/Documents/GitHub/Travel-Agency-App/backend/node_modules/mongoose/lib/cast.js:389:32)
      at Query.cast (/Users/sandunudayakantha/Documents/GitHub/Travel-Agency-App/backend/node_modules/mongoose/lib/query.js:4927:12)
      at Query._castConditions (/Users/sandunudayakantha/Documents/GitHub/Travel-Agency-App/backend/node_modules/mongoose/lib/query.js:2237:10)
      at model.Query._findOne (/Users/sandunudayakantha/Documents/GitHub/Travel-Agency-App/backend/node_modules/mongoose/lib/query.js:2533:8)
      at model.Query.exec (/Users/sandunudayakantha/Documents/GitHub/Travel-Agency-App/backend/node_modules/mongoose/lib/query.js:4447:28),
  valueType: 'string',
  model: Model { Package }
}
Get package error: CastError: Cast to ObjectId failed for value "categories" (type string) at path "_id" for model "Package"
    at ObjectId.cast (/Users/sandunudayakantha/Documents/GitHub/Travel-Agency-App/backend/node_modules/mongoose/lib/schema/objectid.js:250:11)
    at SchemaType.applySetters (/Users/sandunudayakantha/Documents/GitHub/Travel-Agency-App/backend/node_modules/mongoose/lib/schematype.js:1219:12)
    at SchemaType.castForQuery (/Users/sandunudayakantha/Documents/GitHub/Travel-Agency-App/backend/node_modules/mongoose/lib/schematype.js:1633:15)
    at cast (/Users/sandunudayakantha/Documents/GitHub/Travel-Agency-App/backend/node_modules/mongoose/lib/cast.js:389:32)
    at Query.cast (/Users/sandunudayakantha/Documents/GitHub/Travel-Agency-App/backend/node_modules/mongoose/lib/query.js:4927:12)
    at Query._castConditions (/Users/sandunudayakantha/Documents/GitHub/Travel-Agency-App/backend/node_modules/mongoose/lib/query.js:2237:10)
    at model.Query._findOne (/Users/sandunudayakantha/Documents/GitHub/Travel-Agency-App/backend/node_modules/mongoose/lib/query.js:2533:8)
    at model.Query.exec (/Users/sandunudayakantha/Documents/GitHub/Travel-Agency-App/backend/node_modules/mongoose/lib/query.js:4447:28)
    at process.processTicksAndRejections (node:internal/process/task_queues:105:5)
    at async /Users/sandunudayakantha/Documents/GitHub/Travel-Agency-App/backend/routes/packages.js:146:21 {
  stringValue: '"categories"',
  messageFormat: undefined,
  kind: 'ObjectId',
  value: 'categories',
  path: '_id',
  reason: BSONError: Argument passed in must be a string of 12 bytes or a string of 24 hex characters or an integer
      at new ObjectId (/Users/sandunudayakantha/Documents/GitHub/Travel-Agency-App/backend/node_modules/bson/lib/bson.cjs:2055:23)
      at castObjectId (/Users/sandunudayakantha/Documents/GitHub/Travel-Agency-App/backend/node_modules/mongoose/lib/cast/objectid.js:25:12)
      at ObjectId.cast (/Users/sandunudayakantha/Documents/GitHub/Travel-Agency-App/backend/node_modules/mongoose/lib/schema/objectid.js:248:12)
      at SchemaType.applySetters (/Users/sandunudayakantha/Documents/GitHub/Travel-Agency-App/backend/node_modules/mongoose/lib/schematype.js:1219:12)
      at SchemaType.castForQuery (/Users/sandunudayakantha/Documents/GitHub/Travel-Agency-App/backend/node_modules/mongoose/lib/schematype.js:1633:15)
      at cast (/Users/sandunudayakantha/Documents/GitHub/Travel-Agency-App/backend/node_modules/mongoose/lib/cast.js:389:32)
      at Query.cast (/Users/sandunudayakantha/Documents/GitHub/Travel-Agency-App/backend/node_modules/mongoose/lib/query.js:4927:12)
      at Query._castConditions (/Users/sandunudayakantha/Documents/GitHub/Travel-Agency-App/backend/node_modules/mongoose/lib/query.js:2237:10)
      at model.Query._findOne (/Users/sandunudayakantha/Documents/GitHub/Travel-Agency-App/backend/node_modules/mongoose/lib/query.js:2533:8)
      at model.Query.exec (/Users/sandunudayakantha/Documents/GitHub/Travel-Agency-App/backend/node_modules/mongoose/lib/query.js:4447:28),
  valueType: 'string',
  model: Model { Package }
}
=== GET PLACES START ===
Query params: { page: '1', limit: '12' }
Applied filters: {}
Found 2 places, total: 2
=== GET PLACES END ===
=== GET PLACES START ===
Query params: { page: '1', limit: '12' }
Applied filters: {}
Found 2 places, total: 2
=== GET PLACES END ===
Get package error: CastError: Cast to ObjectId failed for value "categories" (type string) at path "_id" for model "Package"
    at ObjectId.cast (/Users/sandunudayakantha/Documents/GitHub/Travel-Agency-App/backend/node_modules/mongoose/lib/schema/objectid.js:250:11)
    at SchemaType.applySetters (/Users/sandunudayakantha/Documents/GitHub/Travel-Agency-App/backend/node_modules/mongoose/lib/schematype.js:1219:12)
    at SchemaType.castForQuery (/Users/sandunudayakantha/Documents/GitHub/Travel-Agency-App/backend/node_modules/mongoose/lib/schematype.js:1633:15)
    at cast (/Users/sandunudayakantha/Documents/GitHub/Travel-Agency-App/backend/node_modules/mongoose/lib/cast.js:389:32)
    at Query.cast (/Users/sandunudayakantha/Documents/GitHub/Travel-Agency-App/backend/node_modules/mongoose/lib/query.js:4927:12)
    at Query._castConditions (/Users/sandunudayakantha/Documents/GitHub/Travel-Agency-App/backend/node_modules/mongoose/lib/query.js:2237:10)
    at model.Query._findOne (/Users/sandunudayakantha/Documents/GitHub/Travel-Agency-App/backend/node_modules/mongoose/lib/query.js:2533:8)
    at model.Query.exec (/Users/sandunudayakantha/Documents/GitHub/Travel-Agency-App/backend/node_modules/mongoose/lib/query.js:4447:28)
    at process.processTicksAndRejections (node:internal/process/task_queues:105:5)
    at async /Users/sandunudayakantha/Documents/GitHub/Travel-Agency-App/backend/routes/packages.js:146:21 {
  stringValue: '"categories"',
  messageFormat: undefined,
  kind: 'ObjectId',
  value: 'categories',
  path: '_id',
  reason: BSONError: Argument passed in must be a string of 12 bytes or a string of 24 hex characters or an integer
      at new ObjectId (/Users/sandunudayakantha/Documents/GitHub/Travel-Agency-App/backend/node_modules/bson/lib/bson.cjs:2055:23)
      at castObjectId (/Users/sandunudayakantha/Documents/GitHub/Travel-Agency-App/backend/node_modules/mongoose/lib/cast/objectid.js:25:12)
      at ObjectId.cast (/Users/sandunudayakantha/Documents/GitHub/Travel-Agency-App/backend/node_modules/mongoose/lib/schema/objectid.js:248:12)
      at SchemaType.applySetters (/Users/sandunudayakantha/Documents/GitHub/Travel-Agency-App/backend/node_modules/mongoose/lib/schematype.js:1219:12)
      at SchemaType.castForQuery (/Users/sandunudayakantha/Documents/GitHub/Travel-Agency-App/backend/node_modules/mongoose/lib/schematype.js:1633:15)
      at cast (/Users/sandunudayakantha/Documents/GitHub/Travel-Agency-App/backend/node_modules/mongoose/lib/cast.js:389:32)
      at Query.cast (/Users/sandunudayakantha/Documents/GitHub/Travel-Agency-App/backend/node_modules/mongoose/lib/query.js:4927:12)
      at Query._castConditions (/Users/sandunudayakantha/Documents/GitHub/Travel-Agency-App/backend/node_modules/mongoose/lib/query.js:2237:10)
      at model.Query._findOne (/Users/sandunudayakantha/Documents/GitHub/Travel-Agency-App/backend/node_modules/mongoose/lib/query.js:2533:8)
      at model.Query.exec (/Users/sandunudayakantha/Documents/GitHub/Travel-Agency-App/backend/node_modules/mongoose/lib/query.js:4447:28),
  valueType: 'string',
  model: Model { Package }
}
Get package error: CastError: Cast to ObjectId failed for value "categories" (type string) at path "_id" for model "Package"
    at ObjectId.cast (/Users/sandunudayakantha/Documents/GitHub/Travel-Agency-App/backend/node_modules/mongoose/lib/schema/objectid.js:250:11)
    at SchemaType.applySetters (/Users/sandunudayakantha/Documents/GitHub/Travel-Agency-App/backend/node_modules/mongoose/lib/schematype.js:1219:12)
    at SchemaType.castForQuery (/Users/sandunudayakantha/Documents/GitHub/Travel-Agency-App/backend/node_modules/mongoose/lib/schematype.js:1633:15)
    at cast (/Users/sandunudayakantha/Documents/GitHub/Travel-Agency-App/backend/node_modules/mongoose/lib/cast.js:389:32)
    at Query.cast (/Users/sandunudayakantha/Documents/GitHub/Travel-Agency-App/backend/node_modules/mongoose/lib/query.js:4927:12)
    at Query._castConditions (/Users/sandunudayakantha/Documents/GitHub/Travel-Agency-App/backend/node_modules/mongoose/lib/query.js:2237:10)
    at model.Query._findOne (/Users/sandunudayakantha/Documents/GitHub/Travel-Agency-App/backend/node_modules/mongoose/lib/query.js:2533:8)
    at model.Query.exec (/Users/sandunudayakantha/Documents/GitHub/Travel-Agency-App/backend/node_modules/mongoose/lib/query.js:4447:28)
    at process.processTicksAndRejections (node:internal/process/task_queues:105:5)
    at async /Users/sandunudayakantha/Documents/GitHub/Travel-Agency-App/backend/routes/packages.js:146:21 {
  stringValue: '"categories"',
  messageFormat: undefined,
  kind: 'ObjectId',
  value: 'categories',
  path: '_id',
  reason: BSONError: Argument passed in must be a string of 12 bytes or a string of 24 hex characters or an integer
      at new ObjectId (/Users/sandunudayakantha/Documents/GitHub/Travel-Agency-App/backend/node_modules/bson/lib/bson.cjs:2055:23)
      at castObjectId (/Users/sandunudayakantha/Documents/GitHub/Travel-Agency-App/backend/node_modules/mongoose/lib/cast/objectid.js:25:12)
      at ObjectId.cast (/Users/sandunudayakantha/Documents/GitHub/Travel-Agency-App/backend/node_modules/mongoose/lib/schema/objectid.js:248:12)
      at SchemaType.applySetters (/Users/sandunudayakantha/Documents/GitHub/Travel-Agency-App/backend/node_modules/mongoose/lib/schematype.js:1219:12)
      at SchemaType.castForQuery (/Users/sandunudayakantha/Documents/GitHub/Travel-Agency-App/backend/node_modules/mongoose/lib/schematype.js:1633:15)
      at cast (/Users/sandunudayakantha/Documents/GitHub/Travel-Agency-App/backend/node_modules/mongoose/lib/cast.js:389:32)
      at Query.cast (/Users/sandunudayakantha/Documents/GitHub/Travel-Agency-App/backend/node_modules/mongoose/lib/query.js:4927:12)
      at Query._castConditions (/Users/sandunudayakantha/Documents/GitHub/Travel-Agency-App/backend/node_modules/mongoose/lib/query.js:2237:10)
      at model.Query._findOne (/Users/sandunudayakantha/Documents/GitHub/Travel-Agency-App/backend/node_modules/mongoose/lib/query.js:2533:8)
      at model.Query.exec (/Users/sandunudayakantha/Documents/GitHub/Travel-Agency-App/backend/node_modules/mongoose/lib/query.js:4447:28),
  valueType: 'string',
  model: Model { Package }
}
=== GET PLACES START ===
Query params: { page: '1', limit: '12' }
Applied filters: {}
Found 2 places, total: 2
=== GET PLACES END ===
=== GET PLACES START ===
Query params: { page: '1', limit: '12' }
Applied filters: {}
Found 2 places, total: 2
=== GET PLACES END ===
Get package error: CastError: Cast to ObjectId failed for value "categories" (type string) at path "_id" for model "Package"
    at ObjectId.cast (/Users/sandunudayakantha/Documents/GitHub/Travel-Agency-App/backend/node_modules/mongoose/lib/schema/objectid.js:250:11)
    at SchemaType.applySetters (/Users/sandunudayakantha/Documents/GitHub/Travel-Agency-App/backend/node_modules/mongoose/lib/schematype.js:1219:12)
    at SchemaType.castForQuery (/Users/sandunudayakantha/Documents/GitHub/Travel-Agency-App/backend/node_modules/mongoose/lib/schematype.js:1633:15)
    at cast (/Users/sandunudayakantha/Documents/GitHub/Travel-Agency-App/backend/node_modules/mongoose/lib/cast.js:389:32)
    at Query.cast (/Users/sandunudayakantha/Documents/GitHub/Travel-Agency-App/backend/node_modules/mongoose/lib/query.js:4927:12)
    at Query._castConditions (/Users/sandunudayakantha/Documents/GitHub/Travel-Agency-App/backend/node_modules/mongoose/lib/query.js:2237:10)
    at model.Query._findOne (/Users/sandunudayakantha/Documents/GitHub/Travel-Agency-App/backend/node_modules/mongoose/lib/query.js:2533:8)
    at model.Query.exec (/Users/sandunudayakantha/Documents/GitHub/Travel-Agency-App/backend/node_modules/mongoose/lib/query.js:4447:28)
    at process.processTicksAndRejections (node:internal/process/task_queues:105:5)
    at async /Users/sandunudayakantha/Documents/GitHub/Travel-Agency-App/backend/routes/packages.js:146:21 {
  stringValue: '"categories"',
  messageFormat: undefined,
  kind: 'ObjectId',
  value: 'categories',
  path: '_id',
  reason: BSONError: Argument passed in must be a string of 12 bytes or a string of 24 hex characters or an integer
      at new ObjectId (/Users/sandunudayakantha/Documents/GitHub/Travel-Agency-App/backend/node_modules/bson/lib/bson.cjs:2055:23)
      at castObjectId (/Users/sandunudayakantha/Documents/GitHub/Travel-Agency-App/backend/node_modules/mongoose/lib/cast/objectid.js:25:12)
      at ObjectId.cast (/Users/sandunudayakantha/Documents/GitHub/Travel-Agency-App/backend/node_modules/mongoose/lib/schema/objectid.js:248:12)
      at SchemaType.applySetters (/Users/sandunudayakantha/Documents/GitHub/Travel-Agency-App/backend/node_modules/mongoose/lib/schematype.js:1219:12)
      at SchemaType.castForQuery (/Users/sandunudayakantha/Documents/GitHub/Travel-Agency-App/backend/node_modules/mongoose/lib/schematype.js:1633:15)
      at cast (/Users/sandunudayakantha/Documents/GitHub/Travel-Agency-App/backend/node_modules/mongoose/lib/cast.js:389:32)
      at Query.cast (/Users/sandunudayakantha/Documents/GitHub/Travel-Agency-App/backend/node_modules/mongoose/lib/query.js:4927:12)
      at Query._castConditions (/Users/sandunudayakantha/Documents/GitHub/Travel-Agency-App/backend/node_modules/mongoose/lib/query.js:2237:10)
      at model.Query._findOne (/Users/sandunudayakantha/Documents/GitHub/Travel-Agency-App/backend/node_modules/mongoose/lib/query.js:2533:8)
      at model.Query.exec (/Users/sandunudayakantha/Documents/GitHub/Travel-Agency-App/backend/node_modules/mongoose/lib/query.js:4447:28),
  valueType: 'string',
  model: Model { Package }
}
Get package error: CastError: Cast to ObjectId failed for value "categories" (type string) at path "_id" for model "Package"
    at ObjectId.cast (/Users/sandunudayakantha/Documents/GitHub/Travel-Agency-App/backend/node_modules/mongoose/lib/schema/objectid.js:250:11)
    at SchemaType.applySetters (/Users/sandunudayakantha/Documents/GitHub/Travel-Agency-App/backend/node_modules/mongoose/lib/schematype.js:1219:12)
    at SchemaType.castForQuery (/Users/sandunudayakantha/Documents/GitHub/Travel-Agency-App/backend/node_modules/mongoose/lib/schematype.js:1633:15)
    at cast (/Users/sandunudayakantha/Documents/GitHub/Travel-Agency-App/backend/node_modules/mongoose/lib/cast.js:389:32)
    at Query.cast (/Users/sandunudayakantha/Documents/GitHub/Travel-Agency-App/backend/node_modules/mongoose/lib/query.js:4927:12)
    at Query._castConditions (/Users/sandunudayakantha/Documents/GitHub/Travel-Agency-App/backend/node_modules/mongoose/lib/query.js:2237:10)
    at model.Query._findOne (/Users/sandunudayakantha/Documents/GitHub/Travel-Agency-App/backend/node_modules/mongoose/lib/query.js:2533:8)
    at model.Query.exec (/Users/sandunudayakantha/Documents/GitHub/Travel-Agency-App/backend/node_modules/mongoose/lib/query.js:4447:28)
    at process.processTicksAndRejections (node:internal/process/task_queues:105:5)
    at async /Users/sandunudayakantha/Documents/GitHub/Travel-Agency-App/backend/routes/packages.js:146:21 {
  stringValue: '"categories"',
  messageFormat: undefined,
  kind: 'ObjectId',
  value: 'categories',
  path: '_id',
  reason: BSONError: Argument passed in must be a string of 12 bytes or a string of 24 hex characters or an integer
      at new ObjectId (/Users/sandunudayakantha/Documents/GitHub/Travel-Agency-App/backend/node_modules/bson/lib/bson.cjs:2055:23)
      at castObjectId (/Users/sandunudayakantha/Documents/GitHub/Travel-Agency-App/backend/node_modules/mongoose/lib/cast/objectid.js:25:12)
      at ObjectId.cast (/Users/sandunudayakantha/Documents/GitHub/Travel-Agency-App/backend/node_modules/mongoose/lib/schema/objectid.js:248:12)
      at SchemaType.applySetters (/Users/sandunudayakantha/Documents/GitHub/Travel-Agency-App/backend/node_modules/mongoose/lib/schematype.js:1219:12)
      at SchemaType.castForQuery (/Users/sandunudayakantha/Documents/GitHub/Travel-Agency-App/backend/node_modules/mongoose/lib/schematype.js:1633:15)
      at cast (/Users/sandunudayakantha/Documents/GitHub/Travel-Agency-App/backend/node_modules/mongoose/lib/cast.js:389:32)
      at Query.cast (/Users/sandunudayakantha/Documents/GitHub/Travel-Agency-App/backend/node_modules/mongoose/lib/query.js:4927:12)
      at Query._castConditions (/Users/sandunudayakantha/Documents/GitHub/Travel-Agency-App/backend/node_modules/mongoose/lib/query.js:2237:10)
      at model.Query._findOne (/Users/sandunudayakantha/Documents/GitHub/Travel-Agency-App/backend/node_modules/mongoose/lib/query.js:2533:8)
      at model.Query.exec (/Users/sandunudayakantha/Documents/GitHub/Travel-Agency-App/backend/node_modules/mongoose/lib/query.js:4447:28),
  valueType: 'string',
  model: Model { Package }
}
=== GET PLACES START ===
Query params: { page: '1', limit: '12' }
Applied filters: {}
Found 2 places, total: 2
=== GET PLACES END ===
=== GET PLACES START ===
Query params: { page: '1', limit: '12' }
Applied filters: {}
Found 2 places, total: 2
=== GET PLACES END ===
Preprocessing location: {"googlePlaceId":"","formattedAddress":"","coordinates":{"latitude":"","longitude":""},"country":"Sri Lanka","region":"","city":"Elpitiya","postalCode":"","phoneNumber":"123456789456789","website":"http://localhost:3001/admin/places?latitude=6.296074&longitude=80.164463&address=&city=&country="}
Preprocessing tags: []
=== PLACE CREATION START ===
Request body: {
  "name": "dsdfsdf",
  "description": "sdfdfdfsdWqwqwewqeqrere",
  "shortDescription": "fsdfdgfsfsdfsaRAESTRDT",
  "category": "attraction",
  "location": {
    "googlePlaceId": "",
    "formattedAddress": "",
    "coordinates": {
      "latitude": "",
      "longitude": ""
    },
    "country": "Sri Lanka",
    "region": "",
    "city": "Elpitiya",
    "postalCode": "",
    "phoneNumber": "123456789456789",
    "website": "http://localhost:3001/admin/places?latitude=6.296074&longitude=80.164463&address=&city=&country="
  },
  "tags": [],
  "status": "inactive",
  "featured": "true"
}
Files count: 0
User ID: 6896dc7f752d36c20bf3f1ab
Validation passed, processing media files...
Building place data...
Final place data: {
  "name": "dsdfsdf",
  "description": "sdfdfdfsdWqwqwewqeqrere",
  "shortDescription": "fsdfdgfsfsdfsaRAESTRDT",
  "images": [],
  "videos": [],
  "location": {
    "googlePlaceId": "",
    "formattedAddress": "",
    "coordinates": {
      "latitude": "",
      "longitude": ""
    },
    "country": "Sri Lanka",
    "region": "",
    "city": "Elpitiya",
    "postalCode": "",
    "phoneNumber": "123456789456789",
    "website": "http://localhost:3001/admin/places?latitude=6.296074&longitude=80.164463&address=&city=&country="
  },
  "category": "attraction",
  "tags": [],
  "status": "inactive",
  "featured": true,
  "createdBy": "6896dc7f752d36c20bf3f1ab"
}
Creating place in database...
Place created successfully: new ObjectId("6897629f1686cae47d8ecd1b")
=== PLACE CREATION END ===
=== GET PLACES START ===
Query params: { page: '1', limit: '12' }
Applied filters: {}
Found 3 places, total: 3
=== GET PLACES END ===
Get package error: CastError: Cast to ObjectId failed for value "categories" (type string) at path "_id" for model "Package"
    at ObjectId.cast (/Users/sandunudayakantha/Documents/GitHub/Travel-Agency-App/backend/node_modules/mongoose/lib/schema/objectid.js:250:11)
    at SchemaType.applySetters (/Users/sandunudayakantha/Documents/GitHub/Travel-Agency-App/backend/node_modules/mongoose/lib/schematype.js:1219:12)
    at SchemaType.castForQuery (/Users/sandunudayakantha/Documents/GitHub/Travel-Agency-App/backend/node_modules/mongoose/lib/schematype.js:1633:15)
    at cast (/Users/sandunudayakantha/Documents/GitHub/Travel-Agency-App/backend/node_modules/mongoose/lib/cast.js:389:32)
    at Query.cast (/Users/sandunudayakantha/Documents/GitHub/Travel-Agency-App/backend/node_modules/mongoose/lib/query.js:4927:12)
    at Query._castConditions (/Users/sandunudayakantha/Documents/GitHub/Travel-Agency-App/backend/node_modules/mongoose/lib/query.js:2237:10)
    at model.Query._findOne (/Users/sandunudayakantha/Documents/GitHub/Travel-Agency-App/backend/node_modules/mongoose/lib/query.js:2533:8)
    at model.Query.exec (/Users/sandunudayakantha/Documents/GitHub/Travel-Agency-App/backend/node_modules/mongoose/lib/query.js:4447:28)
    at process.processTicksAndRejections (node:internal/process/task_queues:105:5)
    at async /Users/sandunudayakantha/Documents/GitHub/Travel-Agency-App/backend/routes/packages.js:146:21 {
  stringValue: '"categories"',
  messageFormat: undefined,
  kind: 'ObjectId',
  value: 'categories',
  path: '_id',
  reason: BSONError: Argument passed in must be a string of 12 bytes or a string of 24 hex characters or an integer
      at new ObjectId (/Users/sandunudayakantha/Documents/GitHub/Travel-Agency-App/backend/node_modules/bson/lib/bson.cjs:2055:23)
      at castObjectId (/Users/sandunudayakantha/Documents/GitHub/Travel-Agency-App/backend/node_modules/mongoose/lib/cast/objectid.js:25:12)
      at ObjectId.cast (/Users/sandunudayakantha/Documents/GitHub/Travel-Agency-App/backend/node_modules/mongoose/lib/schema/objectid.js:248:12)
      at SchemaType.applySetters (/Users/sandunudayakantha/Documents/GitHub/Travel-Agency-App/backend/node_modules/mongoose/lib/schematype.js:1219:12)
      at SchemaType.castForQuery (/Users/sandunudayakantha/Documents/GitHub/Travel-Agency-App/backend/node_modules/mongoose/lib/schematype.js:1633:15)
      at cast (/Users/sandunudayakantha/Documents/GitHub/Travel-Agency-App/backend/node_modules/mongoose/lib/cast.js:389:32)
      at Query.cast (/Users/sandunudayakantha/Documents/GitHub/Travel-Agency-App/backend/node_modules/mongoose/lib/query.js:4927:12)
      at Query._castConditions (/Users/sandunudayakantha/Documents/GitHub/Travel-Agency-App/backend/node_modules/mongoose/lib/query.js:2237:10)
      at model.Query._findOne (/Users/sandunudayakantha/Documents/GitHub/Travel-Agency-App/backend/node_modules/mongoose/lib/query.js:2533:8)
      at model.Query.exec (/Users/sandunudayakantha/Documents/GitHub/Travel-Agency-App/backend/node_modules/mongoose/lib/query.js:4447:28),
  valueType: 'string',
  model: Model { Package }
}
Get package error: CastError: Cast to ObjectId failed for value "categories" (type string) at path "_id" for model "Package"
    at ObjectId.cast (/Users/sandunudayakantha/Documents/GitHub/Travel-Agency-App/backend/node_modules/mongoose/lib/schema/objectid.js:250:11)
    at SchemaType.applySetters (/Users/sandunudayakantha/Documents/GitHub/Travel-Agency-App/backend/node_modules/mongoose/lib/schematype.js:1219:12)
    at SchemaType.castForQuery (/Users/sandunudayakantha/Documents/GitHub/Travel-Agency-App/backend/node_modules/mongoose/lib/schematype.js:1633:15)
    at cast (/Users/sandunudayakantha/Documents/GitHub/Travel-Agency-App/backend/node_modules/mongoose/lib/cast.js:389:32)
    at Query.cast (/Users/sandunudayakantha/Documents/GitHub/Travel-Agency-App/backend/node_modules/mongoose/lib/query.js:4927:12)
    at Query._castConditions (/Users/sandunudayakantha/Documents/GitHub/Travel-Agency-App/backend/node_modules/mongoose/lib/query.js:2237:10)
    at model.Query._findOne (/Users/sandunudayakantha/Documents/GitHub/Travel-Agency-App/backend/node_modules/mongoose/lib/query.js:2533:8)
    at model.Query.exec (/Users/sandunudayakantha/Documents/GitHub/Travel-Agency-App/backend/node_modules/mongoose/lib/query.js:4447:28)
    at process.processTicksAndRejections (node:internal/process/task_queues:105:5)
    at async /Users/sandunudayakantha/Documents/GitHub/Travel-Agency-App/backend/routes/packages.js:146:21 {
  stringValue: '"categories"',
  messageFormat: undefined,
  kind: 'ObjectId',
  value: 'categories',
  path: '_id',
  reason: BSONError: Argument passed in must be a string of 12 bytes or a string of 24 hex characters or an integer
      at new ObjectId (/Users/sandunudayakantha/Documents/GitHub/Travel-Agency-App/backend/node_modules/bson/lib/bson.cjs:2055:23)
      at castObjectId (/Users/sandunudayakantha/Documents/GitHub/Travel-Agency-App/backend/node_modules/mongoose/lib/cast/objectid.js:25:12)
      at ObjectId.cast (/Users/sandunudayakantha/Documents/GitHub/Travel-Agency-App/backend/node_modules/mongoose/lib/schema/objectid.js:248:12)
      at SchemaType.applySetters (/Users/sandunudayakantha/Documents/GitHub/Travel-Agency-App/backend/node_modules/mongoose/lib/schematype.js:1219:12)
      at SchemaType.castForQuery (/Users/sandunudayakantha/Documents/GitHub/Travel-Agency-App/backend/node_modules/mongoose/lib/schematype.js:1633:15)
      at cast (/Users/sandunudayakantha/Documents/GitHub/Travel-Agency-App/backend/node_modules/mongoose/lib/cast.js:389:32)
      at Query.cast (/Users/sandunudayakantha/Documents/GitHub/Travel-Agency-App/backend/node_modules/mongoose/lib/query.js:4927:12)
      at Query._castConditions (/Users/sandunudayakantha/Documents/GitHub/Travel-Agency-App/backend/node_modules/mongoose/lib/query.js:2237:10)
      at model.Query._findOne (/Users/sandunudayakantha/Documents/GitHub/Travel-Agency-App/backend/node_modules/mongoose/lib/query.js:2533:8)
      at model.Query.exec (/Users/sandunudayakantha/Documents/GitHub/Travel-Agency-App/backend/node_modules/mongoose/lib/query.js:4447:28),
  valueType: 'string',
  model: Model { Package }
}
=== GET PLACES START ===
Query params: { page: '1', limit: '12' }
Applied filters: {}
Found 3 places, total: 3
=== GET PLACES END ===
=== GET PLACES START ===
Query params: { page: '1', limit: '12' }
Applied filters: {}
Found 3 places, total: 3
=== GET PLACES END ===
Get package error: CastError: Cast to ObjectId failed for value "categories" (type string) at path "_id" for model "Package"
    at ObjectId.cast (/Users/sandunudayakantha/Documents/GitHub/Travel-Agency-App/backend/node_modules/mongoose/lib/schema/objectid.js:250:11)
    at SchemaType.applySetters (/Users/sandunudayakantha/Documents/GitHub/Travel-Agency-App/backend/node_modules/mongoose/lib/schematype.js:1219:12)
    at SchemaType.castForQuery (/Users/sandunudayakantha/Documents/GitHub/Travel-Agency-App/backend/node_modules/mongoose/lib/schematype.js:1633:15)
    at cast (/Users/sandunudayakantha/Documents/GitHub/Travel-Agency-App/backend/node_modules/mongoose/lib/cast.js:389:32)
    at Query.cast (/Users/sandunudayakantha/Documents/GitHub/Travel-Agency-App/backend/node_modules/mongoose/lib/query.js:4927:12)
    at Query._castConditions (/Users/sandunudayakantha/Documents/GitHub/Travel-Agency-App/backend/node_modules/mongoose/lib/query.js:2237:10)
    at model.Query._findOne (/Users/sandunudayakantha/Documents/GitHub/Travel-Agency-App/backend/node_modules/mongoose/lib/query.js:2533:8)
    at model.Query.exec (/Users/sandunudayakantha/Documents/GitHub/Travel-Agency-App/backend/node_modules/mongoose/lib/query.js:4447:28)
    at process.processTicksAndRejections (node:internal/process/task_queues:105:5)
    at async /Users/sandunudayakantha/Documents/GitHub/Travel-Agency-App/backend/routes/packages.js:146:21 {
  stringValue: '"categories"',
  messageFormat: undefined,
  kind: 'ObjectId',
  value: 'categories',
  path: '_id',
  reason: BSONError: Argument passed in must be a string of 12 bytes or a string of 24 hex characters or an integer
      at new ObjectId (/Users/sandunudayakantha/Documents/GitHub/Travel-Agency-App/backend/node_modules/bson/lib/bson.cjs:2055:23)
      at castObjectId (/Users/sandunudayakantha/Documents/GitHub/Travel-Agency-App/backend/node_modules/mongoose/lib/cast/objectid.js:25:12)
      at ObjectId.cast (/Users/sandunudayakantha/Documents/GitHub/Travel-Agency-App/backend/node_modules/mongoose/lib/schema/objectid.js:248:12)
      at SchemaType.applySetters (/Users/sandunudayakantha/Documents/GitHub/Travel-Agency-App/backend/node_modules/mongoose/lib/schematype.js:1219:12)
      at SchemaType.castForQuery (/Users/sandunudayakantha/Documents/GitHub/Travel-Agency-App/backend/node_modules/mongoose/lib/schematype.js:1633:15)
      at cast (/Users/sandunudayakantha/Documents/GitHub/Travel-Agency-App/backend/node_modules/mongoose/lib/cast.js:389:32)
      at Query.cast (/Users/sandunudayakantha/Documents/GitHub/Travel-Agency-App/backend/node_modules/mongoose/lib/query.js:4927:12)
      at Query._castConditions (/Users/sandunudayakantha/Documents/GitHub/Travel-Agency-App/backend/node_modules/mongoose/lib/query.js:2237:10)
      at model.Query._findOne (/Users/sandunudayakantha/Documents/GitHub/Travel-Agency-App/backend/node_modules/mongoose/lib/query.js:2533:8)
      at model.Query.exec (/Users/sandunudayakantha/Documents/GitHub/Travel-Agency-App/backend/node_modules/mongoose/lib/query.js:4447:28),
  valueType: 'string',
  model: Model { Package }
}
Get package error: CastError: Cast to ObjectId failed for value "categories" (type string) at path "_id" for model "Package"
    at ObjectId.cast (/Users/sandunudayakantha/Documents/GitHub/Travel-Agency-App/backend/node_modules/mongoose/lib/schema/objectid.js:250:11)
    at SchemaType.applySetters (/Users/sandunudayakantha/Documents/GitHub/Travel-Agency-App/backend/node_modules/mongoose/lib/schematype.js:1219:12)
    at SchemaType.castForQuery (/Users/sandunudayakantha/Documents/GitHub/Travel-Agency-App/backend/node_modules/mongoose/lib/schematype.js:1633:15)
    at cast (/Users/sandunudayakantha/Documents/GitHub/Travel-Agency-App/backend/node_modules/mongoose/lib/cast.js:389:32)
    at Query.cast (/Users/sandunudayakantha/Documents/GitHub/Travel-Agency-App/backend/node_modules/mongoose/lib/query.js:4927:12)
    at Query._castConditions (/Users/sandunudayakantha/Documents/GitHub/Travel-Agency-App/backend/node_modules/mongoose/lib/query.js:2237:10)
    at model.Query._findOne (/Users/sandunudayakantha/Documents/GitHub/Travel-Agency-App/backend/node_modules/mongoose/lib/query.js:2533:8)
    at model.Query.exec (/Users/sandunudayakantha/Documents/GitHub/Travel-Agency-App/backend/node_modules/mongoose/lib/query.js:4447:28)
    at process.processTicksAndRejections (node:internal/process/task_queues:105:5)
    at async /Users/sandunudayakantha/Documents/GitHub/Travel-Agency-App/backend/routes/packages.js:146:21 {
  stringValue: '"categories"',
  messageFormat: undefined,
  kind: 'ObjectId',
  value: 'categories',
  path: '_id',
  reason: BSONError: Argument passed in must be a string of 12 bytes or a string of 24 hex characters or an integer
      at new ObjectId (/Users/sandunudayakantha/Documents/GitHub/Travel-Agency-App/backend/node_modules/bson/lib/bson.cjs:2055:23)
      at castObjectId (/Users/sandunudayakantha/Documents/GitHub/Travel-Agency-App/backend/node_modules/mongoose/lib/cast/objectid.js:25:12)
      at ObjectId.cast (/Users/sandunudayakantha/Documents/GitHub/Travel-Agency-App/backend/node_modules/mongoose/lib/schema/objectid.js:248:12)
      at SchemaType.applySetters (/Users/sandunudayakantha/Documents/GitHub/Travel-Agency-App/backend/node_modules/mongoose/lib/schematype.js:1219:12)
      at SchemaType.castForQuery (/Users/sandunudayakantha/Documents/GitHub/Travel-Agency-App/backend/node_modules/mongoose/lib/schematype.js:1633:15)
      at cast (/Users/sandunudayakantha/Documents/GitHub/Travel-Agency-App/backend/node_modules/mongoose/lib/cast.js:389:32)
      at Query.cast (/Users/sandunudayakantha/Documents/GitHub/Travel-Agency-App/backend/node_modules/mongoose/lib/query.js:4927:12)
      at Query._castConditions (/Users/sandunudayakantha/Documents/GitHub/Travel-Agency-App/backend/node_modules/mongoose/lib/query.js:2237:10)
      at model.Query._findOne (/Users/sandunudayakantha/Documents/GitHub/Travel-Agency-App/backend/node_modules/mongoose/lib/query.js:2533:8)
      at model.Query.exec (/Users/sandunudayakantha/Documents/GitHub/Travel-Agency-App/backend/node_modules/mongoose/lib/query.js:4447:28),
  valueType: 'string',
  model: Model { Package }
}
